1570444669.293659 client started (41127): version 2.8, socket /tmp//tmux-501/default, protocol 8
1570444669.293767 on Darwin 18.6.0 Darwin Kernel Version 18.6.0: Thu Apr 25 23:16:27 PDT 2019; root:xnu-4903.261.4~2/RELEASE_X86_64; libevent 2.1.8-stable (select)
1570444669.293818 socket is /tmp//tmux-501/default
1570444669.293844 trying connect
1570444669.293968 add peer 0x108dc5000: 6 (0x0)
1570444669.298162 sending message 100 to peer 0x108dc5000 (4 bytes)
1570444669.298228 sending message 101 to peer 0x108dc5000 (16 bytes)
1570444669.298246 sending message 102 to peer 0x108dc5000 (13 bytes)
1570444669.298259 sending message 108 to peer 0x108dc5000 (22 bytes)
1570444669.298288 sending message 104 to peer 0x108dc5000 (0 bytes)
1570444669.298301 sending message 107 to peer 0x108dc5000 (4 bytes)
1570444669.298314 sending message 105 to peer 0x108dc5000 (76 bytes)
1570444669.298326 sending message 105 to peer 0x108dc5000 (14 bytes)
1570444669.298338 sending message 105 to peer 0x108dc5000 (20 bytes)
1570444669.298350 sending message 105 to peer 0x108dc5000 (47 bytes)
1570444669.298362 sending message 105 to peer 0x108dc5000 (23 bytes)
1570444669.298374 sending message 105 to peer 0x108dc5000 (18 bytes)
1570444669.298386 sending message 105 to peer 0x108dc5000 (22 bytes)
1570444669.298398 sending message 105 to peer 0x108dc5000 (61 bytes)
1570444669.298410 sending message 105 to peer 0x108dc5000 (17 bytes)
1570444669.298422 sending message 105 to peer 0x108dc5000 (19 bytes)
1570444669.298434 sending message 105 to peer 0x108dc5000 (15 bytes)
1570444669.298446 sending message 105 to peer 0x108dc5000 (19 bytes)
1570444669.298459 sending message 105 to peer 0x108dc5000 (26 bytes)
1570444669.298471 sending message 105 to peer 0x108dc5000 (42 bytes)
1570444669.298483 sending message 105 to peer 0x108dc5000 (8 bytes)
1570444669.298504 sending message 105 to peer 0x108dc5000 (14 bytes)
1570444669.298517 sending message 105 to peer 0x108dc5000 (32 bytes)
1570444669.298529 sending message 105 to peer 0x108dc5000 (16 bytes)
1570444669.298541 sending message 105 to peer 0x108dc5000 (26 bytes)
1570444669.298554 sending message 105 to peer 0x108dc5000 (20 bytes)
1570444669.298566 sending message 105 to peer 0x108dc5000 (11 bytes)
1570444669.298577 sending message 105 to peer 0x108dc5000 (327 bytes)
1570444669.298589 sending message 105 to peer 0x108dc5000 (58 bytes)
1570444669.298601 sending message 105 to peer 0x108dc5000 (26 bytes)
1570444669.298612 sending message 105 to peer 0x108dc5000 (15 bytes)
1570444669.298623 sending message 105 to peer 0x108dc5000 (8 bytes)
1570444669.298635 sending message 105 to peer 0x108dc5000 (66 bytes)
1570444669.298646 sending message 105 to peer 0x108dc5000 (21 bytes)
1570444669.298657 sending message 105 to peer 0x108dc5000 (23 bytes)
1570444669.298669 sending message 105 to peer 0x108dc5000 (27 bytes)
1570444669.298681 sending message 105 to peer 0x108dc5000 (60 bytes)
1570444669.298693 sending message 105 to peer 0x108dc5000 (57 bytes)
1570444669.298704 sending message 105 to peer 0x108dc5000 (35 bytes)
1570444669.298716 sending message 105 to peer 0x108dc5000 (13 bytes)
1570444669.298728 sending message 105 to peer 0x108dc5000 (11 bytes)
1570444669.298739 sending message 105 to peer 0x108dc5000 (14 bytes)
1570444669.298752 sending message 105 to peer 0x108dc5000 (19 bytes)
1570444669.298764 sending message 105 to peer 0x108dc5000 (28 bytes)
1570444669.298776 sending message 105 to peer 0x108dc5000 (32 bytes)
1570444669.298787 sending message 105 to peer 0x108dc5000 (42 bytes)
1570444669.298799 sending message 105 to peer 0x108dc5000 (9 bytes)
1570444669.298811 sending message 105 to peer 0x108dc5000 (17 bytes)
1570444669.298824 sending message 105 to peer 0x108dc5000 (19 bytes)
1570444669.298836 sending message 105 to peer 0x108dc5000 (61 bytes)
1570444669.298848 sending message 105 to peer 0x108dc5000 (38 bytes)
1570444669.298861 sending message 105 to peer 0x108dc5000 (90 bytes)
1570444669.298873 sending message 105 to peer 0x108dc5000 (22 bytes)
1570444669.298885 sending message 106 to peer 0x108dc5000 (0 bytes)
1570444669.298932 sending message 200 to peer 0x108dc5000 (4 bytes)
1570444669.298943 client loop enter
1570444669.299410 peer 0x108dc5000 message 211
1570444669.299455 client_write: sessions should be nested with care, unset $TMUX to force\n
1570444669.299491 peer 0x108dc5000 message 203
1570444669.299511 client loop exit
